Error [ERR_HTTP_HEADERS_SENT]: Cannot set headers after they are sent to the client
    at ServerResponse.setHeader (_http_outgoing.js:470:11)
    at ServerResponse.header (/home/ejdevelo/bloque7_backend/node_modules/express/lib/response.js:771:10)
    at ServerResponse.send (/home/ejdevelo/bloque7_backend/node_modules/express/lib/response.js:170:12)
    at ServerResponse.json (/home/ejdevelo/bloque7_backend/node_modules/express/lib/response.js:267:15)
    at /home/ejdevelo/bloque7_backend/index.js:30:13
    at Layer.handle [as handle_request] (/home/ejdevelo/bloque7_backend/node_modules/express/lib/router/layer.js:95:5)
    at next (/home/ejdevelo/bloque7_backend/node_modules/express/lib/router/route.js:137:13)
    at Route.dispatch (/home/ejdevelo/bloque7_backend/node_modules/express/lib/router/route.js:112:3)
    at Layer.handle [as handle_request] (/home/ejdevelo/bloque7_backend/node_modules/express/lib/router/layer.js:95:5)
    at /home/ejdevelo/bloque7_backend/node_modules/express/lib/router/index.js:281:22
Error [ERR_HTTP_HEADERS_SENT]: Cannot set headers after they are sent to the client
    at ServerResponse.setHeader (_http_outgoing.js:470:11)
    at ServerResponse.header (/home/ejdevelo/bloque7_backend/node_modules/express/lib/response.js:771:10)
    at ServerResponse.send (/home/ejdevelo/bloque7_backend/node_modules/express/lib/response.js:170:12)
    at ServerResponse.json (/home/ejdevelo/bloque7_backend/node_modules/express/lib/response.js:267:15)
    at /home/ejdevelo/bloque7_backend/index.js:30:13
    at Layer.handle [as handle_request] (/home/ejdevelo/bloque7_backend/node_modules/express/lib/router/layer.js:95:5)
    at next (/home/ejdevelo/bloque7_backend/node_modules/express/lib/router/route.js:137:13)
    at Route.dispatch (/home/ejdevelo/bloque7_backend/node_modules/express/lib/router/route.js:112:3)
    at Layer.handle [as handle_request] (/home/ejdevelo/bloque7_backend/node_modules/express/lib/router/layer.js:95:5)
    at /home/ejdevelo/bloque7_backend/node_modules/express/lib/router/index.js:281:22
Error [ERR_HTTP_HEADERS_SENT]: Cannot set headers after they are sent to the client
    at ServerResponse.setHeader (_http_outgoing.js:470:11)
    at ServerResponse.header (/home/ejdevelo/bloque7_backend/node_modules/express/lib/response.js:771:10)
    at ServerResponse.send (/home/ejdevelo/bloque7_backend/node_modules/express/lib/response.js:170:12)
    at ServerResponse.json (/home/ejdevelo/bloque7_backend/node_modules/express/lib/response.js:267:15)
    at /home/ejdevelo/bloque7_backend/index.js:30:13
    at Layer.handle [as handle_request] (/home/ejdevelo/bloque7_backend/node_modules/express/lib/router/layer.js:95:5)
    at next (/home/ejdevelo/bloque7_backend/node_modules/express/lib/router/route.js:137:13)
    at Route.dispatch (/home/ejdevelo/bloque7_backend/node_modules/express/lib/router/route.js:112:3)
    at Layer.handle [as handle_request] (/home/ejdevelo/bloque7_backend/node_modules/express/lib/router/layer.js:95:5)
    at /home/ejdevelo/bloque7_backend/node_modules/express/lib/router/index.js:281:22
Error [ERR_HTTP_HEADERS_SENT]: Cannot set headers after they are sent to the client
    at ServerResponse.setHeader (_http_outgoing.js:470:11)
    at ServerResponse.header (/home/ejdevelo/bloque7_backend/node_modules/express/lib/response.js:771:10)
    at ServerResponse.send (/home/ejdevelo/bloque7_backend/node_modules/express/lib/response.js:170:12)
    at ServerResponse.json (/home/ejdevelo/bloque7_backend/node_modules/express/lib/response.js:267:15)
    at /home/ejdevelo/bloque7_backend/index.js:30:13
    at Layer.handle [as handle_request] (/home/ejdevelo/bloque7_backend/node_modules/express/lib/router/layer.js:95:5)
    at next (/home/ejdevelo/bloque7_backend/node_modules/express/lib/router/route.js:137:13)
    at Route.dispatch (/home/ejdevelo/bloque7_backend/node_modules/express/lib/router/route.js:112:3)
    at Layer.handle [as handle_request] (/home/ejdevelo/bloque7_backend/node_modules/express/lib/router/layer.js:95:5)
    at /home/ejdevelo/bloque7_backend/node_modules/express/lib/router/index.js:281:22
Error [ERR_HTTP_HEADERS_SENT]: Cannot set headers after they are sent to the client
    at ServerResponse.setHeader (_http_outgoing.js:470:11)
    at ServerResponse.header (/home/ejdevelo/bloque7_backend/node_modules/express/lib/response.js:771:10)
    at ServerResponse.send (/home/ejdevelo/bloque7_backend/node_modules/express/lib/response.js:170:12)
    at ServerResponse.json (/home/ejdevelo/bloque7_backend/node_modules/express/lib/response.js:267:15)
    at /home/ejdevelo/bloque7_backend/index.js:30:13
    at Layer.handle [as handle_request] (/home/ejdevelo/bloque7_backend/node_modules/express/lib/router/layer.js:95:5)
    at next (/home/ejdevelo/bloque7_backend/node_modules/express/lib/router/route.js:137:13)
    at Route.dispatch (/home/ejdevelo/bloque7_backend/node_modules/express/lib/router/route.js:112:3)
    at Layer.handle [as handle_request] (/home/ejdevelo/bloque7_backend/node_modules/express/lib/router/layer.js:95:5)
    at /home/ejdevelo/bloque7_backend/node_modules/express/lib/router/index.js:281:22
events.js:174
      throw er; // Unhandled 'error' event
      ^

Error: Connection lost: The server closed the connection.
    at Protocol.end (/home/ejdevelo/bloque7_backend/node_modules/mysql/lib/protocol/Protocol.js:112:13)
    at Socket.<anonymous> (/home/ejdevelo/bloque7_backend/node_modules/mysql/lib/Connection.js:94:28)
    at Socket.<anonymous> (/home/ejdevelo/bloque7_backend/node_modules/mysql/lib/Connection.js:526:10)
    at Socket.emit (events.js:203:15)
    at endReadableNT (_stream_readable.js:1145:12)
    at process._tickCallback (internal/process/next_tick.js:63:19)
Emitted 'error' event at:
    at Connection._handleProtocolError (/home/ejdevelo/bloque7_backend/node_modules/mysql/lib/Connection.js:423:8)
    at Protocol.emit (events.js:198:13)
    at Protocol._delegateError (/home/ejdevelo/bloque7_backend/node_modules/mysql/lib/protocol/Protocol.js:398:10)
    at Protocol.end (/home/ejdevelo/bloque7_backend/node_modules/mysql/lib/protocol/Protocol.js:116:8)
    at Socket.<anonymous> (/home/ejdevelo/bloque7_backend/node_modules/mysql/lib/Connection.js:94:28)
    [... lines matching original stack trace ...]
    at process._tickCallback (internal/process/next_tick.js:63:19)
events.js:174
      throw er; // Unhandled 'error' event
      ^

Error: Connection lost: The server closed the connection.
    at Protocol.end (/home/ejdevelo/bloque7_backend/node_modules/mysql/lib/protocol/Protocol.js:112:13)
    at Socket.<anonymous> (/home/ejdevelo/bloque7_backend/node_modules/mysql/lib/Connection.js:94:28)
    at Socket.<anonymous> (/home/ejdevelo/bloque7_backend/node_modules/mysql/lib/Connection.js:526:10)
    at Socket.emit (events.js:203:15)
    at endReadableNT (_stream_readable.js:1145:12)
    at process._tickCallback (internal/process/next_tick.js:63:19)
Emitted 'error' event at:
    at Connection._handleProtocolError (/home/ejdevelo/bloque7_backend/node_modules/mysql/lib/Connection.js:423:8)
    at Protocol.emit (events.js:198:13)
    at Protocol._delegateError (/home/ejdevelo/bloque7_backend/node_modules/mysql/lib/protocol/Protocol.js:398:10)
    at Protocol.end (/home/ejdevelo/bloque7_backend/node_modules/mysql/lib/protocol/Protocol.js:116:8)
    at Socket.<anonymous> (/home/ejdevelo/bloque7_backend/node_modules/mysql/lib/Connection.js:94:28)
    [... lines matching original stack trace ...]
    at process._tickCallback (internal/process/next_tick.js:63:19)
events.js:174
      throw er; // Unhandled 'error' event
      ^

Error: Connection lost: The server closed the connection.
    at Protocol.end (/home/ejdevelo/bloque7_backend/node_modules/mysql/lib/protocol/Protocol.js:112:13)
    at Socket.<anonymous> (/home/ejdevelo/bloque7_backend/node_modules/mysql/lib/Connection.js:94:28)
    at Socket.<anonymous> (/home/ejdevelo/bloque7_backend/node_modules/mysql/lib/Connection.js:526:10)
    at Socket.emit (events.js:203:15)
    at endReadableNT (_stream_readable.js:1145:12)
    at process._tickCallback (internal/process/next_tick.js:63:19)
Emitted 'error' event at:
    at Connection._handleProtocolError (/home/ejdevelo/bloque7_backend/node_modules/mysql/lib/Connection.js:423:8)
    at Protocol.emit (events.js:198:13)
    at Protocol._delegateError (/home/ejdevelo/bloque7_backend/node_modules/mysql/lib/protocol/Protocol.js:398:10)
    at Protocol.end (/home/ejdevelo/bloque7_backend/node_modules/mysql/lib/protocol/Protocol.js:116:8)
    at Socket.<anonymous> (/home/ejdevelo/bloque7_backend/node_modules/mysql/lib/Connection.js:94:28)
    [... lines matching original stack trace ...]
    at process._tickCallback (internal/process/next_tick.js:63:19)
events.js:174
      throw er; // Unhandled 'error' event
      ^

Error: Connection lost: The server closed the connection.
    at Protocol.end (/home/ejdevelo/bloque7_backend/node_modules/mysql/lib/protocol/Protocol.js:112:13)
    at Socket.<anonymous> (/home/ejdevelo/bloque7_backend/node_modules/mysql/lib/Connection.js:94:28)
    at Socket.<anonymous> (/home/ejdevelo/bloque7_backend/node_modules/mysql/lib/Connection.js:526:10)
    at Socket.emit (events.js:203:15)
    at endReadableNT (_stream_readable.js:1145:12)
    at process._tickCallback (internal/process/next_tick.js:63:19)
Emitted 'error' event at:
    at Connection._handleProtocolError (/home/ejdevelo/bloque7_backend/node_modules/mysql/lib/Connection.js:423:8)
    at Protocol.emit (events.js:198:13)
    at Protocol._delegateError (/home/ejdevelo/bloque7_backend/node_modules/mysql/lib/protocol/Protocol.js:398:10)
    at Protocol.end (/home/ejdevelo/bloque7_backend/node_modules/mysql/lib/protocol/Protocol.js:116:8)
    at Socket.<anonymous> (/home/ejdevelo/bloque7_backend/node_modules/mysql/lib/Connection.js:94:28)
    [... lines matching original stack trace ...]
    at process._tickCallback (internal/process/next_tick.js:63:19)
events.js:174
      throw er; // Unhandled 'error' event
      ^

Error: Connection lost: The server closed the connection.
    at Protocol.end (/home/ejdevelo/bloque7_backend/node_modules/mysql/lib/protocol/Protocol.js:112:13)
    at Socket.<anonymous> (/home/ejdevelo/bloque7_backend/node_modules/mysql/lib/Connection.js:94:28)
    at Socket.<anonymous> (/home/ejdevelo/bloque7_backend/node_modules/mysql/lib/Connection.js:526:10)
    at Socket.emit (events.js:203:15)
    at endReadableNT (_stream_readable.js:1145:12)
    at process._tickCallback (internal/process/next_tick.js:63:19)
Emitted 'error' event at:
    at Connection._handleProtocolError (/home/ejdevelo/bloque7_backend/node_modules/mysql/lib/Connection.js:423:8)
    at Protocol.emit (events.js:198:13)
    at Protocol._delegateError (/home/ejdevelo/bloque7_backend/node_modules/mysql/lib/protocol/Protocol.js:398:10)
    at Protocol.end (/home/ejdevelo/bloque7_backend/node_modules/mysql/lib/protocol/Protocol.js:116:8)
    at Socket.<anonymous> (/home/ejdevelo/bloque7_backend/node_modules/mysql/lib/Connection.js:94:28)
    [... lines matching original stack trace ...]
    at process._tickCallback (internal/process/next_tick.js:63:19)
events.js:174
      throw er; // Unhandled 'error' event
      ^

Error: Connection lost: The server closed the connection.
    at Protocol.end (/home/ejdevelo/bloque7_backend/node_modules/mysql/lib/protocol/Protocol.js:112:13)
    at Socket.<anonymous> (/home/ejdevelo/bloque7_backend/node_modules/mysql/lib/Connection.js:94:28)
    at Socket.<anonymous> (/home/ejdevelo/bloque7_backend/node_modules/mysql/lib/Connection.js:526:10)
    at Socket.emit (events.js:203:15)
    at endReadableNT (_stream_readable.js:1145:12)
    at process._tickCallback (internal/process/next_tick.js:63:19)
Emitted 'error' event at:
    at Connection._handleProtocolError (/home/ejdevelo/bloque7_backend/node_modules/mysql/lib/Connection.js:423:8)
    at Protocol.emit (events.js:198:13)
    at Protocol._delegateError (/home/ejdevelo/bloque7_backend/node_modules/mysql/lib/protocol/Protocol.js:398:10)
    at Protocol.end (/home/ejdevelo/bloque7_backend/node_modules/mysql/lib/protocol/Protocol.js:116:8)
    at Socket.<anonymous> (/home/ejdevelo/bloque7_backend/node_modules/mysql/lib/Connection.js:94:28)
    [... lines matching original stack trace ...]
    at process._tickCallback (internal/process/next_tick.js:63:19)
TypeError: Cannot read property 'inputImg' of null
    at app.post (/home/ejdevelo/bloque7_backend/index.js:57:26)
    at Layer.handle [as handle_request] (/home/ejdevelo/bloque7_backend/node_modules/express/lib/router/layer.js:95:5)
    at next (/home/ejdevelo/bloque7_backend/node_modules/express/lib/router/route.js:137:13)
    at Route.dispatch (/home/ejdevelo/bloque7_backend/node_modules/express/lib/router/route.js:112:3)
    at Layer.handle [as handle_request] (/home/ejdevelo/bloque7_backend/node_modules/express/lib/router/layer.js:95:5)
    at /home/ejdevelo/bloque7_backend/node_modules/express/lib/router/index.js:281:22
    at Function.process_params (/home/ejdevelo/bloque7_backend/node_modules/express/lib/router/index.js:335:12)
    at next (/home/ejdevelo/bloque7_backend/node_modules/express/lib/router/index.js:275:10)
    at /home/ejdevelo/bloque7_backend/node_modules/express/lib/router/index.js:635:15
    at next (/home/ejdevelo/bloque7_backend/node_modules/express/lib/router/index.js:260:14)
TypeError: Cannot read property 'inputImg' of null
    at app.post (/home/ejdevelo/bloque7_backend/index.js:57:26)
    at Layer.handle [as handle_request] (/home/ejdevelo/bloque7_backend/node_modules/express/lib/router/layer.js:95:5)
    at next (/home/ejdevelo/bloque7_backend/node_modules/express/lib/router/route.js:137:13)
    at Route.dispatch (/home/ejdevelo/bloque7_backend/node_modules/express/lib/router/route.js:112:3)
    at Layer.handle [as handle_request] (/home/ejdevelo/bloque7_backend/node_modules/express/lib/router/layer.js:95:5)
    at /home/ejdevelo/bloque7_backend/node_modules/express/lib/router/index.js:281:22
    at Function.process_params (/home/ejdevelo/bloque7_backend/node_modules/express/lib/router/index.js:335:12)
    at next (/home/ejdevelo/bloque7_backend/node_modules/express/lib/router/index.js:275:10)
    at /home/ejdevelo/bloque7_backend/node_modules/express/lib/router/index.js:635:15
    at next (/home/ejdevelo/bloque7_backend/node_modules/express/lib/router/index.js:260:14)
TypeError: Cannot read property 'inputImg' of null
    at app.post (/home/ejdevelo/bloque7_backend/index.js:57:26)
    at Layer.handle [as handle_request] (/home/ejdevelo/bloque7_backend/node_modules/express/lib/router/layer.js:95:5)
    at next (/home/ejdevelo/bloque7_backend/node_modules/express/lib/router/route.js:137:13)
    at Route.dispatch (/home/ejdevelo/bloque7_backend/node_modules/express/lib/router/route.js:112:3)
    at Layer.handle [as handle_request] (/home/ejdevelo/bloque7_backend/node_modules/express/lib/router/layer.js:95:5)
    at /home/ejdevelo/bloque7_backend/node_modules/express/lib/router/index.js:281:22
    at Function.process_params (/home/ejdevelo/bloque7_backend/node_modules/express/lib/router/index.js:335:12)
    at next (/home/ejdevelo/bloque7_backend/node_modules/express/lib/router/index.js:275:10)
    at /home/ejdevelo/bloque7_backend/node_modules/express/lib/router/index.js:635:15
    at next (/home/ejdevelo/bloque7_backend/node_modules/express/lib/router/index.js:260:14)
TypeError: Cannot read property 'inputImg' of null
    at app.post (/home/ejdevelo/bloque7_backend/index.js:57:26)
    at Layer.handle [as handle_request] (/home/ejdevelo/bloque7_backend/node_modules/express/lib/router/layer.js:95:5)
    at next (/home/ejdevelo/bloque7_backend/node_modules/express/lib/router/route.js:137:13)
    at Route.dispatch (/home/ejdevelo/bloque7_backend/node_modules/express/lib/router/route.js:112:3)
    at Layer.handle [as handle_request] (/home/ejdevelo/bloque7_backend/node_modules/express/lib/router/layer.js:95:5)
    at /home/ejdevelo/bloque7_backend/node_modules/express/lib/router/index.js:281:22
    at Function.process_params (/home/ejdevelo/bloque7_backend/node_modules/express/lib/router/index.js:335:12)
    at next (/home/ejdevelo/bloque7_backend/node_modules/express/lib/router/index.js:275:10)
    at /home/ejdevelo/bloque7_backend/node_modules/express/lib/router/index.js:635:15
    at next (/home/ejdevelo/bloque7_backend/node_modules/express/lib/router/index.js:260:14)
TypeError: Cannot read property 'inputImg' of null
    at app.post (/home/ejdevelo/bloque7_backend/index.js:57:26)
    at Layer.handle [as handle_request] (/home/ejdevelo/bloque7_backend/node_modules/express/lib/router/layer.js:95:5)
    at next (/home/ejdevelo/bloque7_backend/node_modules/express/lib/router/route.js:137:13)
    at Route.dispatch (/home/ejdevelo/bloque7_backend/node_modules/express/lib/router/route.js:112:3)
    at Layer.handle [as handle_request] (/home/ejdevelo/bloque7_backend/node_modules/express/lib/router/layer.js:95:5)
    at /home/ejdevelo/bloque7_backend/node_modules/express/lib/router/index.js:281:22
    at Function.process_params (/home/ejdevelo/bloque7_backend/node_modules/express/lib/router/index.js:335:12)
    at next (/home/ejdevelo/bloque7_backend/node_modules/express/lib/router/index.js:275:10)
    at /home/ejdevelo/bloque7_backend/node_modules/express/lib/router/index.js:635:15
    at next (/home/ejdevelo/bloque7_backend/node_modules/express/lib/router/index.js:260:14)
TypeError: Cannot read property 'inputImg' of null
    at app.post (/home/ejdevelo/bloque7_backend/index.js:57:26)
    at Layer.handle [as handle_request] (/home/ejdevelo/bloque7_backend/node_modules/express/lib/router/layer.js:95:5)
    at next (/home/ejdevelo/bloque7_backend/node_modules/express/lib/router/route.js:137:13)
    at Route.dispatch (/home/ejdevelo/bloque7_backend/node_modules/express/lib/router/route.js:112:3)
    at Layer.handle [as handle_request] (/home/ejdevelo/bloque7_backend/node_modules/express/lib/router/layer.js:95:5)
    at /home/ejdevelo/bloque7_backend/node_modules/express/lib/router/index.js:281:22
    at Function.process_params (/home/ejdevelo/bloque7_backend/node_modules/express/lib/router/index.js:335:12)
    at next (/home/ejdevelo/bloque7_backend/node_modules/express/lib/router/index.js:275:10)
    at /home/ejdevelo/bloque7_backend/node_modules/express/lib/router/index.js:635:15
    at next (/home/ejdevelo/bloque7_backend/node_modules/express/lib/router/index.js:260:14)
TypeError: Cannot set property 'name' of undefined
    at app.post (/home/ejdevelo/bloque7_backend/index.js:58:15)
    at Layer.handle [as handle_request] (/home/ejdevelo/bloque7_backend/node_modules/express/lib/router/layer.js:95:5)
    at next (/home/ejdevelo/bloque7_backend/node_modules/express/lib/router/route.js:137:13)
    at Route.dispatch (/home/ejdevelo/bloque7_backend/node_modules/express/lib/router/route.js:112:3)
    at Layer.handle [as handle_request] (/home/ejdevelo/bloque7_backend/node_modules/express/lib/router/layer.js:95:5)
    at /home/ejdevelo/bloque7_backend/node_modules/express/lib/router/index.js:281:22
    at Function.process_params (/home/ejdevelo/bloque7_backend/node_modules/express/lib/router/index.js:335:12)
    at next (/home/ejdevelo/bloque7_backend/node_modules/express/lib/router/index.js:275:10)
    at /home/ejdevelo/bloque7_backend/node_modules/express/lib/router/index.js:635:15
    at next (/home/ejdevelo/bloque7_backend/node_modules/express/lib/router/index.js:260:14)
events.js:174
      throw er; // Unhandled 'error' event
      ^

Error: Connection lost: The server closed the connection.
    at Protocol.end (/home/ejdevelo/bloque7_backend/node_modules/mysql/lib/protocol/Protocol.js:112:13)
    at Socket.<anonymous> (/home/ejdevelo/bloque7_backend/node_modules/mysql/lib/Connection.js:94:28)
    at Socket.<anonymous> (/home/ejdevelo/bloque7_backend/node_modules/mysql/lib/Connection.js:526:10)
    at Socket.emit (events.js:203:15)
    at endReadableNT (_stream_readable.js:1145:12)
    at process._tickCallback (internal/process/next_tick.js:63:19)
Emitted 'error' event at:
    at Connection._handleProtocolError (/home/ejdevelo/bloque7_backend/node_modules/mysql/lib/Connection.js:423:8)
    at Protocol.emit (events.js:198:13)
    at Protocol._delegateError (/home/ejdevelo/bloque7_backend/node_modules/mysql/lib/protocol/Protocol.js:398:10)
    at Protocol.end (/home/ejdevelo/bloque7_backend/node_modules/mysql/lib/protocol/Protocol.js:116:8)
    at Socket.<anonymous> (/home/ejdevelo/bloque7_backend/node_modules/mysql/lib/Connection.js:94:28)
    [... lines matching original stack trace ...]
    at process._tickCallback (internal/process/next_tick.js:63:19)
events.js:174
      throw er; // Unhandled 'error' event
      ^

Error: Connection lost: The server closed the connection.
    at Protocol.end (/home/ejdevelo/bloque7_backend/node_modules/mysql/lib/protocol/Protocol.js:112:13)
    at Socket.<anonymous> (/home/ejdevelo/bloque7_backend/node_modules/mysql/lib/Connection.js:94:28)
    at Socket.<anonymous> (/home/ejdevelo/bloque7_backend/node_modules/mysql/lib/Connection.js:526:10)
    at Socket.emit (events.js:203:15)
    at endReadableNT (_stream_readable.js:1145:12)
    at process._tickCallback (internal/process/next_tick.js:63:19)
Emitted 'error' event at:
    at Connection._handleProtocolError (/home/ejdevelo/bloque7_backend/node_modules/mysql/lib/Connection.js:423:8)
    at Protocol.emit (events.js:198:13)
    at Protocol._delegateError (/home/ejdevelo/bloque7_backend/node_modules/mysql/lib/protocol/Protocol.js:398:10)
    at Protocol.end (/home/ejdevelo/bloque7_backend/node_modules/mysql/lib/protocol/Protocol.js:116:8)
    at Socket.<anonymous> (/home/ejdevelo/bloque7_backend/node_modules/mysql/lib/Connection.js:94:28)
    [... lines matching original stack trace ...]
    at process._tickCallback (internal/process/next_tick.js:63:19)
events.js:174
      throw er; // Unhandled 'error' event
      ^

Error: Connection lost: The server closed the connection.
    at Protocol.end (/home/ejdevelo/bloque7_backend/node_modules/mysql/lib/protocol/Protocol.js:112:13)
    at Socket.<anonymous> (/home/ejdevelo/bloque7_backend/node_modules/mysql/lib/Connection.js:94:28)
    at Socket.<anonymous> (/home/ejdevelo/bloque7_backend/node_modules/mysql/lib/Connection.js:526:10)
    at Socket.emit (events.js:203:15)
    at endReadableNT (_stream_readable.js:1145:12)
    at process._tickCallback (internal/process/next_tick.js:63:19)
Emitted 'error' event at:
    at Connection._handleProtocolError (/home/ejdevelo/bloque7_backend/node_modules/mysql/lib/Connection.js:423:8)
    at Protocol.emit (events.js:198:13)
    at Protocol._delegateError (/home/ejdevelo/bloque7_backend/node_modules/mysql/lib/protocol/Protocol.js:398:10)
    at Protocol.end (/home/ejdevelo/bloque7_backend/node_modules/mysql/lib/protocol/Protocol.js:116:8)
    at Socket.<anonymous> (/home/ejdevelo/bloque7_backend/node_modules/mysql/lib/Connection.js:94:28)
    [... lines matching original stack trace ...]
    at process._tickCallback (internal/process/next_tick.js:63:19)
events.js:174
      throw er; // Unhandled 'error' event
      ^

Error: Connection lost: The server closed the connection.
    at Protocol.end (/home/ejdevelo/bloque7_backend/node_modules/mysql/lib/protocol/Protocol.js:112:13)
    at Socket.<anonymous> (/home/ejdevelo/bloque7_backend/node_modules/mysql/lib/Connection.js:94:28)
    at Socket.<anonymous> (/home/ejdevelo/bloque7_backend/node_modules/mysql/lib/Connection.js:526:10)
    at Socket.emit (events.js:203:15)
    at endReadableNT (_stream_readable.js:1145:12)
    at process._tickCallback (internal/process/next_tick.js:63:19)
Emitted 'error' event at:
    at Connection._handleProtocolError (/home/ejdevelo/bloque7_backend/node_modules/mysql/lib/Connection.js:423:8)
    at Protocol.emit (events.js:198:13)
    at Protocol._delegateError (/home/ejdevelo/bloque7_backend/node_modules/mysql/lib/protocol/Protocol.js:398:10)
    at Protocol.end (/home/ejdevelo/bloque7_backend/node_modules/mysql/lib/protocol/Protocol.js:116:8)
    at Socket.<anonymous> (/home/ejdevelo/bloque7_backend/node_modules/mysql/lib/Connection.js:94:28)
    [... lines matching original stack trace ...]
    at process._tickCallback (internal/process/next_tick.js:63:19)
/home/ejdevelo/bloque7_backend/node_modules/mysql/lib/protocol/Parser.js:437
      throw err; // Rethrow non-MySQL errors
      ^

Error [ERR_HTTP_HEADERS_SENT]: Cannot set headers after they are sent to the client
    at ServerResponse.setHeader (_http_outgoing.js:470:11)
    at ServerResponse.header (/home/ejdevelo/bloque7_backend/node_modules/express/lib/response.js:771:10)
    at ServerResponse.send (/home/ejdevelo/bloque7_backend/node_modules/express/lib/response.js:170:12)
    at ServerResponse.json (/home/ejdevelo/bloque7_backend/node_modules/express/lib/response.js:267:15)
    at Query.<anonymous> (/home/ejdevelo/bloque7_backend/models/pedido.models.js:240:37)
    at Query.<anonymous> (/home/ejdevelo/bloque7_backend/node_modules/mysql/lib/Connection.js:526:10)
    at Query._callback (/home/ejdevelo/bloque7_backend/node_modules/mysql/lib/Connection.js:488:16)
    at Query.Sequence.end (/home/ejdevelo/bloque7_backend/node_modules/mysql/lib/protocol/sequences/Sequence.js:83:24)
    at Query.ErrorPacket (/home/ejdevelo/bloque7_backend/node_modules/mysql/lib/protocol/sequences/Query.js:92:8)
    at Protocol._parsePacket (/home/ejdevelo/bloque7_backend/node_modules/mysql/lib/protocol/Protocol.js:291:23)
/home/ejdevelo/bloque7_backend/node_modules/mysql/lib/protocol/Parser.js:437
      throw err; // Rethrow non-MySQL errors
      ^

Error [ERR_HTTP_HEADERS_SENT]: Cannot set headers after they are sent to the client
    at ServerResponse.setHeader (_http_outgoing.js:470:11)
    at ServerResponse.header (/home/ejdevelo/bloque7_backend/node_modules/express/lib/response.js:771:10)
    at ServerResponse.send (/home/ejdevelo/bloque7_backend/node_modules/express/lib/response.js:170:12)
    at ServerResponse.json (/home/ejdevelo/bloque7_backend/node_modules/express/lib/response.js:267:15)
    at Query.<anonymous> (/home/ejdevelo/bloque7_backend/models/pedido.models.js:240:37)
    at Query.<anonymous> (/home/ejdevelo/bloque7_backend/node_modules/mysql/lib/Connection.js:526:10)
    at Query._callback (/home/ejdevelo/bloque7_backend/node_modules/mysql/lib/Connection.js:488:16)
    at Query.Sequence.end (/home/ejdevelo/bloque7_backend/node_modules/mysql/lib/protocol/sequences/Sequence.js:83:24)
    at Query.ErrorPacket (/home/ejdevelo/bloque7_backend/node_modules/mysql/lib/protocol/sequences/Query.js:92:8)
    at Protocol._parsePacket (/home/ejdevelo/bloque7_backend/node_modules/mysql/lib/protocol/Protocol.js:291:23)
/home/ejdevelo/bloque7_backend/node_modules/mysql/lib/protocol/Parser.js:437
      throw err; // Rethrow non-MySQL errors
      ^

Error [ERR_HTTP_HEADERS_SENT]: Cannot set headers after they are sent to the client
    at ServerResponse.setHeader (_http_outgoing.js:470:11)
    at ServerResponse.header (/home/ejdevelo/bloque7_backend/node_modules/express/lib/response.js:771:10)
    at ServerResponse.send (/home/ejdevelo/bloque7_backend/node_modules/express/lib/response.js:170:12)
    at ServerResponse.json (/home/ejdevelo/bloque7_backend/node_modules/express/lib/response.js:267:15)
    at Query.<anonymous> (/home/ejdevelo/bloque7_backend/models/pedido.models.js:240:37)
    at Query.<anonymous> (/home/ejdevelo/bloque7_backend/node_modules/mysql/lib/Connection.js:526:10)
    at Query._callback (/home/ejdevelo/bloque7_backend/node_modules/mysql/lib/Connection.js:488:16)
    at Query.Sequence.end (/home/ejdevelo/bloque7_backend/node_modules/mysql/lib/protocol/sequences/Sequence.js:83:24)
    at Query.ErrorPacket (/home/ejdevelo/bloque7_backend/node_modules/mysql/lib/protocol/sequences/Query.js:92:8)
    at Protocol._parsePacket (/home/ejdevelo/bloque7_backend/node_modules/mysql/lib/protocol/Protocol.js:291:23)
events.js:174
      throw er; // Unhandled 'error' event
      ^

Error: Connection lost: The server closed the connection.
    at Protocol.end (/home/ejdevelo/bloque7_backend/node_modules/mysql/lib/protocol/Protocol.js:112:13)
    at Socket.<anonymous> (/home/ejdevelo/bloque7_backend/node_modules/mysql/lib/Connection.js:94:28)
    at Socket.<anonymous> (/home/ejdevelo/bloque7_backend/node_modules/mysql/lib/Connection.js:526:10)
    at Socket.emit (events.js:203:15)
    at endReadableNT (_stream_readable.js:1145:12)
    at process._tickCallback (internal/process/next_tick.js:63:19)
Emitted 'error' event at:
    at Connection._handleProtocolError (/home/ejdevelo/bloque7_backend/node_modules/mysql/lib/Connection.js:423:8)
    at Protocol.emit (events.js:198:13)
    at Protocol._delegateError (/home/ejdevelo/bloque7_backend/node_modules/mysql/lib/protocol/Protocol.js:398:10)
    at Protocol.end (/home/ejdevelo/bloque7_backend/node_modules/mysql/lib/protocol/Protocol.js:116:8)
    at Socket.<anonymous> (/home/ejdevelo/bloque7_backend/node_modules/mysql/lib/Connection.js:94:28)
    [... lines matching original stack trace ...]
    at process._tickCallback (internal/process/next_tick.js:63:19)
/home/ejdevelo/bloque7_backend/node_modules/mysql/lib/protocol/Parser.js:437
      throw err; // Rethrow non-MySQL errors
      ^

TypeError: Cannot read property 'uuid' of undefined
    at Query.<anonymous> (/home/ejdevelo/bloque7_backend/models/user.models.js:29:41)
    at Query.<anonymous> (/home/ejdevelo/bloque7_backend/node_modules/mysql/lib/Connection.js:526:10)
    at Query._callback (/home/ejdevelo/bloque7_backend/node_modules/mysql/lib/Connection.js:488:16)
    at Query.Sequence.end (/home/ejdevelo/bloque7_backend/node_modules/mysql/lib/protocol/sequences/Sequence.js:83:24)
    at Query._handleFinalResultPacket (/home/ejdevelo/bloque7_backend/node_modules/mysql/lib/protocol/sequences/Query.js:149:8)
    at Query.EofPacket (/home/ejdevelo/bloque7_backend/node_modules/mysql/lib/protocol/sequences/Query.js:133:8)
    at Protocol._parsePacket (/home/ejdevelo/bloque7_backend/node_modules/mysql/lib/protocol/Protocol.js:291:23)
    at Parser._parsePacket (/home/ejdevelo/bloque7_backend/node_modules/mysql/lib/protocol/Parser.js:433:10)
    at Parser.write (/home/ejdevelo/bloque7_backend/node_modules/mysql/lib/protocol/Parser.js:43:10)
    at Protocol.write (/home/ejdevelo/bloque7_backend/node_modules/mysql/lib/protocol/Protocol.js:38:16)
/home/ejdevelo/bloque7_backend/node_modules/mysql/lib/protocol/Parser.js:437
      throw err; // Rethrow non-MySQL errors
      ^

TypeError: Cannot read property 'uuid' of undefined
    at Query.<anonymous> (/home/ejdevelo/bloque7_backend/models/user.models.js:29:41)
    at Query.<anonymous> (/home/ejdevelo/bloque7_backend/node_modules/mysql/lib/Connection.js:526:10)
    at Query._callback (/home/ejdevelo/bloque7_backend/node_modules/mysql/lib/Connection.js:488:16)
    at Query.Sequence.end (/home/ejdevelo/bloque7_backend/node_modules/mysql/lib/protocol/sequences/Sequence.js:83:24)
    at Query._handleFinalResultPacket (/home/ejdevelo/bloque7_backend/node_modules/mysql/lib/protocol/sequences/Query.js:149:8)
    at Query.EofPacket (/home/ejdevelo/bloque7_backend/node_modules/mysql/lib/protocol/sequences/Query.js:133:8)
    at Protocol._parsePacket (/home/ejdevelo/bloque7_backend/node_modules/mysql/lib/protocol/Protocol.js:291:23)
    at Parser._parsePacket (/home/ejdevelo/bloque7_backend/node_modules/mysql/lib/protocol/Parser.js:433:10)
    at Parser.write (/home/ejdevelo/bloque7_backend/node_modules/mysql/lib/protocol/Parser.js:43:10)
    at Protocol.write (/home/ejdevelo/bloque7_backend/node_modules/mysql/lib/protocol/Protocol.js:38:16)
/home/ejdevelo/bloque7_backend/node_modules/mysql/lib/protocol/Parser.js:437
      throw err; // Rethrow non-MySQL errors
      ^

TypeError: Cannot read property 'uuid' of undefined
    at Query.<anonymous> (/home/ejdevelo/bloque7_backend/models/user.models.js:29:41)
    at Query.<anonymous> (/home/ejdevelo/bloque7_backend/node_modules/mysql/lib/Connection.js:526:10)
    at Query._callback (/home/ejdevelo/bloque7_backend/node_modules/mysql/lib/Connection.js:488:16)
    at Query.Sequence.end (/home/ejdevelo/bloque7_backend/node_modules/mysql/lib/protocol/sequences/Sequence.js:83:24)
    at Query._handleFinalResultPacket (/home/ejdevelo/bloque7_backend/node_modules/mysql/lib/protocol/sequences/Query.js:149:8)
    at Query.EofPacket (/home/ejdevelo/bloque7_backend/node_modules/mysql/lib/protocol/sequences/Query.js:133:8)
    at Protocol._parsePacket (/home/ejdevelo/bloque7_backend/node_modules/mysql/lib/protocol/Protocol.js:291:23)
    at Parser._parsePacket (/home/ejdevelo/bloque7_backend/node_modules/mysql/lib/protocol/Parser.js:433:10)
    at Parser.write (/home/ejdevelo/bloque7_backend/node_modules/mysql/lib/protocol/Parser.js:43:10)
    at Protocol.write (/home/ejdevelo/bloque7_backend/node_modules/mysql/lib/protocol/Protocol.js:38:16)
/home/ejdevelo/bloque7_backend/node_modules/mysql/lib/protocol/Parser.js:437
      throw err; // Rethrow non-MySQL errors
      ^

TypeError: Cannot read property 'uuid' of undefined
    at Query.<anonymous> (/home/ejdevelo/bloque7_backend/models/user.models.js:29:41)
    at Query.<anonymous> (/home/ejdevelo/bloque7_backend/node_modules/mysql/lib/Connection.js:526:10)
    at Query._callback (/home/ejdevelo/bloque7_backend/node_modules/mysql/lib/Connection.js:488:16)
    at Query.Sequence.end (/home/ejdevelo/bloque7_backend/node_modules/mysql/lib/protocol/sequences/Sequence.js:83:24)
    at Query._handleFinalResultPacket (/home/ejdevelo/bloque7_backend/node_modules/mysql/lib/protocol/sequences/Query.js:149:8)
    at Query.EofPacket (/home/ejdevelo/bloque7_backend/node_modules/mysql/lib/protocol/sequences/Query.js:133:8)
    at Protocol._parsePacket (/home/ejdevelo/bloque7_backend/node_modules/mysql/lib/protocol/Protocol.js:291:23)
    at Parser._parsePacket (/home/ejdevelo/bloque7_backend/node_modules/mysql/lib/protocol/Parser.js:433:10)
    at Parser.write (/home/ejdevelo/bloque7_backend/node_modules/mysql/lib/protocol/Parser.js:43:10)
    at Protocol.write (/home/ejdevelo/bloque7_backend/node_modules/mysql/lib/protocol/Protocol.js:38:16)
/home/ejdevelo/bloque7_backend/node_modules/mysql/lib/protocol/Parser.js:437
      throw err; // Rethrow non-MySQL errors
      ^

Error [ERR_HTTP_HEADERS_SENT]: Cannot set headers after they are sent to the client
    at ServerResponse.setHeader (_http_outgoing.js:470:11)
    at ServerResponse.header (/home/ejdevelo/bloque7_backend/node_modules/express/lib/response.js:771:10)
    at ServerResponse.send (/home/ejdevelo/bloque7_backend/node_modules/express/lib/response.js:170:12)
    at ServerResponse.json (/home/ejdevelo/bloque7_backend/node_modules/express/lib/response.js:267:15)
    at Query.<anonymous> (/home/ejdevelo/bloque7_backend/models/pedido.models.js:240:37)
    at Query.<anonymous> (/home/ejdevelo/bloque7_backend/node_modules/mysql/lib/Connection.js:526:10)
    at Query._callback (/home/ejdevelo/bloque7_backend/node_modules/mysql/lib/Connection.js:488:16)
    at Query.Sequence.end (/home/ejdevelo/bloque7_backend/node_modules/mysql/lib/protocol/sequences/Sequence.js:83:24)
    at Query.ErrorPacket (/home/ejdevelo/bloque7_backend/node_modules/mysql/lib/protocol/sequences/Query.js:92:8)
    at Protocol._parsePacket (/home/ejdevelo/bloque7_backend/node_modules/mysql/lib/protocol/Protocol.js:291:23)
/home/ejdevelo/bloque7_backend/node_modules/mysql/lib/protocol/Parser.js:437
      throw err; // Rethrow non-MySQL errors
      ^

Error [ERR_HTTP_HEADERS_SENT]: Cannot set headers after they are sent to the client
    at ServerResponse.setHeader (_http_outgoing.js:470:11)
    at ServerResponse.header (/home/ejdevelo/bloque7_backend/node_modules/express/lib/response.js:771:10)
    at ServerResponse.send (/home/ejdevelo/bloque7_backend/node_modules/express/lib/response.js:170:12)
    at ServerResponse.json (/home/ejdevelo/bloque7_backend/node_modules/express/lib/response.js:267:15)
    at Query.<anonymous> (/home/ejdevelo/bloque7_backend/models/pedido.models.js:240:37)
    at Query.<anonymous> (/home/ejdevelo/bloque7_backend/node_modules/mysql/lib/Connection.js:526:10)
    at Query._callback (/home/ejdevelo/bloque7_backend/node_modules/mysql/lib/Connection.js:488:16)
    at Query.Sequence.end (/home/ejdevelo/bloque7_backend/node_modules/mysql/lib/protocol/sequences/Sequence.js:83:24)
    at Query.ErrorPacket (/home/ejdevelo/bloque7_backend/node_modules/mysql/lib/protocol/sequences/Query.js:92:8)
    at Protocol._parsePacket (/home/ejdevelo/bloque7_backend/node_modules/mysql/lib/protocol/Protocol.js:291:23)
/home/ejdevelo/bloque7_backend/node_modules/mysql/lib/protocol/Parser.js:437
      throw err; // Rethrow non-MySQL errors
      ^

TypeError: Cannot read property 'uuid' of undefined
    at Query.<anonymous> (/home/ejdevelo/bloque7_backend/models/user.models.js:29:41)
    at Query.<anonymous> (/home/ejdevelo/bloque7_backend/node_modules/mysql/lib/Connection.js:526:10)
    at Query._callback (/home/ejdevelo/bloque7_backend/node_modules/mysql/lib/Connection.js:488:16)
    at Query.Sequence.end (/home/ejdevelo/bloque7_backend/node_modules/mysql/lib/protocol/sequences/Sequence.js:83:24)
    at Query._handleFinalResultPacket (/home/ejdevelo/bloque7_backend/node_modules/mysql/lib/protocol/sequences/Query.js:149:8)
    at Query.EofPacket (/home/ejdevelo/bloque7_backend/node_modules/mysql/lib/protocol/sequences/Query.js:133:8)
    at Protocol._parsePacket (/home/ejdevelo/bloque7_backend/node_modules/mysql/lib/protocol/Protocol.js:291:23)
    at Parser._parsePacket (/home/ejdevelo/bloque7_backend/node_modules/mysql/lib/protocol/Parser.js:433:10)
    at Parser.write (/home/ejdevelo/bloque7_backend/node_modules/mysql/lib/protocol/Parser.js:43:10)
    at Protocol.write (/home/ejdevelo/bloque7_backend/node_modules/mysql/lib/protocol/Protocol.js:38:16)
/home/ejdevelo/bloque7_backend/node_modules/mysql/lib/protocol/Parser.js:437
      throw err; // Rethrow non-MySQL errors
      ^

TypeError: Cannot read property 'uuid' of undefined
    at Query.<anonymous> (/home/ejdevelo/bloque7_backend/models/user.models.js:29:41)
    at Query.<anonymous> (/home/ejdevelo/bloque7_backend/node_modules/mysql/lib/Connection.js:526:10)
    at Query._callback (/home/ejdevelo/bloque7_backend/node_modules/mysql/lib/Connection.js:488:16)
    at Query.Sequence.end (/home/ejdevelo/bloque7_backend/node_modules/mysql/lib/protocol/sequences/Sequence.js:83:24)
    at Query._handleFinalResultPacket (/home/ejdevelo/bloque7_backend/node_modules/mysql/lib/protocol/sequences/Query.js:149:8)
    at Query.EofPacket (/home/ejdevelo/bloque7_backend/node_modules/mysql/lib/protocol/sequences/Query.js:133:8)
    at Protocol._parsePacket (/home/ejdevelo/bloque7_backend/node_modules/mysql/lib/protocol/Protocol.js:291:23)
    at Parser._parsePacket (/home/ejdevelo/bloque7_backend/node_modules/mysql/lib/protocol/Parser.js:433:10)
    at Parser.write (/home/ejdevelo/bloque7_backend/node_modules/mysql/lib/protocol/Parser.js:43:10)
    at Protocol.write (/home/ejdevelo/bloque7_backend/node_modules/mysql/lib/protocol/Protocol.js:38:16)
/home/ejdevelo/bloque7_backend/node_modules/mysql/lib/protocol/Parser.js:437
      throw err; // Rethrow non-MySQL errors
      ^

TypeError: Cannot read property 'uuid' of undefined
    at Query.<anonymous> (/home/ejdevelo/bloque7_backend/models/user.models.js:29:41)
    at Query.<anonymous> (/home/ejdevelo/bloque7_backend/node_modules/mysql/lib/Connection.js:526:10)
    at Query._callback (/home/ejdevelo/bloque7_backend/node_modules/mysql/lib/Connection.js:488:16)
    at Query.Sequence.end (/home/ejdevelo/bloque7_backend/node_modules/mysql/lib/protocol/sequences/Sequence.js:83:24)
    at Query._handleFinalResultPacket (/home/ejdevelo/bloque7_backend/node_modules/mysql/lib/protocol/sequences/Query.js:149:8)
    at Query.EofPacket (/home/ejdevelo/bloque7_backend/node_modules/mysql/lib/protocol/sequences/Query.js:133:8)
    at Protocol._parsePacket (/home/ejdevelo/bloque7_backend/node_modules/mysql/lib/protocol/Protocol.js:291:23)
    at Parser._parsePacket (/home/ejdevelo/bloque7_backend/node_modules/mysql/lib/protocol/Parser.js:433:10)
    at Parser.write (/home/ejdevelo/bloque7_backend/node_modules/mysql/lib/protocol/Parser.js:43:10)
    at Protocol.write (/home/ejdevelo/bloque7_backend/node_modules/mysql/lib/protocol/Protocol.js:38:16)
/home/ejdevelo/bloque7_backend/node_modules/mysql/lib/protocol/Parser.js:437
      throw err; // Rethrow non-MySQL errors
      ^

TypeError: Cannot read property 'uuid' of undefined
    at Query.<anonymous> (/home/ejdevelo/bloque7_backend/models/user.models.js:29:41)
    at Query.<anonymous> (/home/ejdevelo/bloque7_backend/node_modules/mysql/lib/Connection.js:526:10)
    at Query._callback (/home/ejdevelo/bloque7_backend/node_modules/mysql/lib/Connection.js:488:16)
    at Query.Sequence.end (/home/ejdevelo/bloque7_backend/node_modules/mysql/lib/protocol/sequences/Sequence.js:83:24)
    at Query._handleFinalResultPacket (/home/ejdevelo/bloque7_backend/node_modules/mysql/lib/protocol/sequences/Query.js:149:8)
    at Query.EofPacket (/home/ejdevelo/bloque7_backend/node_modules/mysql/lib/protocol/sequences/Query.js:133:8)
    at Protocol._parsePacket (/home/ejdevelo/bloque7_backend/node_modules/mysql/lib/protocol/Protocol.js:291:23)
    at Parser._parsePacket (/home/ejdevelo/bloque7_backend/node_modules/mysql/lib/protocol/Parser.js:433:10)
    at Parser.write (/home/ejdevelo/bloque7_backend/node_modules/mysql/lib/protocol/Parser.js:43:10)
    at Protocol.write (/home/ejdevelo/bloque7_backend/node_modules/mysql/lib/protocol/Protocol.js:38:16)
/home/ejdevelo/bloque7_backend/node_modules/mysql/lib/protocol/Parser.js:437
      throw err; // Rethrow non-MySQL errors
      ^

TypeError: Cannot read property 'uuid' of undefined
    at Query.<anonymous> (/home/ejdevelo/bloque7_backend/models/user.models.js:29:41)
    at Query.<anonymous> (/home/ejdevelo/bloque7_backend/node_modules/mysql/lib/Connection.js:526:10)
    at Query._callback (/home/ejdevelo/bloque7_backend/node_modules/mysql/lib/Connection.js:488:16)
    at Query.Sequence.end (/home/ejdevelo/bloque7_backend/node_modules/mysql/lib/protocol/sequences/Sequence.js:83:24)
    at Query._handleFinalResultPacket (/home/ejdevelo/bloque7_backend/node_modules/mysql/lib/protocol/sequences/Query.js:149:8)
    at Query.EofPacket (/home/ejdevelo/bloque7_backend/node_modules/mysql/lib/protocol/sequences/Query.js:133:8)
    at Protocol._parsePacket (/home/ejdevelo/bloque7_backend/node_modules/mysql/lib/protocol/Protocol.js:291:23)
    at Parser._parsePacket (/home/ejdevelo/bloque7_backend/node_modules/mysql/lib/protocol/Parser.js:433:10)
    at Parser.write (/home/ejdevelo/bloque7_backend/node_modules/mysql/lib/protocol/Parser.js:43:10)
    at Protocol.write (/home/ejdevelo/bloque7_backend/node_modules/mysql/lib/protocol/Protocol.js:38:16)
/home/ejdevelo/bloque7_backend/node_modules/mysql/lib/protocol/Parser.js:437
      throw err; // Rethrow non-MySQL errors
      ^

TypeError: Cannot read property 'uuid' of undefined
    at Query.<anonymous> (/home/ejdevelo/bloque7_backend/models/user.models.js:29:41)
    at Query.<anonymous> (/home/ejdevelo/bloque7_backend/node_modules/mysql/lib/Connection.js:526:10)
    at Query._callback (/home/ejdevelo/bloque7_backend/node_modules/mysql/lib/Connection.js:488:16)
    at Query.Sequence.end (/home/ejdevelo/bloque7_backend/node_modules/mysql/lib/protocol/sequences/Sequence.js:83:24)
    at Query._handleFinalResultPacket (/home/ejdevelo/bloque7_backend/node_modules/mysql/lib/protocol/sequences/Query.js:149:8)
    at Query.EofPacket (/home/ejdevelo/bloque7_backend/node_modules/mysql/lib/protocol/sequences/Query.js:133:8)
    at Protocol._parsePacket (/home/ejdevelo/bloque7_backend/node_modules/mysql/lib/protocol/Protocol.js:291:23)
    at Parser._parsePacket (/home/ejdevelo/bloque7_backend/node_modules/mysql/lib/protocol/Parser.js:433:10)
    at Parser.write (/home/ejdevelo/bloque7_backend/node_modules/mysql/lib/protocol/Parser.js:43:10)
    at Protocol.write (/home/ejdevelo/bloque7_backend/node_modules/mysql/lib/protocol/Protocol.js:38:16)
/home/ejdevelo/bloque7_backend/node_modules/mysql/lib/protocol/Parser.js:437
      throw err; // Rethrow non-MySQL errors
      ^

TypeError: Cannot read property 'uuid' of undefined
    at Query.<anonymous> (/home/ejdevelo/bloque7_backend/models/user.models.js:29:41)
    at Query.<anonymous> (/home/ejdevelo/bloque7_backend/node_modules/mysql/lib/Connection.js:526:10)
    at Query._callback (/home/ejdevelo/bloque7_backend/node_modules/mysql/lib/Connection.js:488:16)
    at Query.Sequence.end (/home/ejdevelo/bloque7_backend/node_modules/mysql/lib/protocol/sequences/Sequence.js:83:24)
    at Query._handleFinalResultPacket (/home/ejdevelo/bloque7_backend/node_modules/mysql/lib/protocol/sequences/Query.js:149:8)
    at Query.EofPacket (/home/ejdevelo/bloque7_backend/node_modules/mysql/lib/protocol/sequences/Query.js:133:8)
    at Protocol._parsePacket (/home/ejdevelo/bloque7_backend/node_modules/mysql/lib/protocol/Protocol.js:291:23)
    at Parser._parsePacket (/home/ejdevelo/bloque7_backend/node_modules/mysql/lib/protocol/Parser.js:433:10)
    at Parser.write (/home/ejdevelo/bloque7_backend/node_modules/mysql/lib/protocol/Parser.js:43:10)
    at Protocol.write (/home/ejdevelo/bloque7_backend/node_modules/mysql/lib/protocol/Protocol.js:38:16)
/home/ejdevelo/bloque7_backend/node_modules/mysql/lib/protocol/Parser.js:437
      throw err; // Rethrow non-MySQL errors
      ^

TypeError: Cannot read property 'uuid' of undefined
    at Query.<anonymous> (/home/ejdevelo/bloque7_backend/models/user.models.js:29:41)
    at Query.<anonymous> (/home/ejdevelo/bloque7_backend/node_modules/mysql/lib/Connection.js:526:10)
    at Query._callback (/home/ejdevelo/bloque7_backend/node_modules/mysql/lib/Connection.js:488:16)
    at Query.Sequence.end (/home/ejdevelo/bloque7_backend/node_modules/mysql/lib/protocol/sequences/Sequence.js:83:24)
    at Query._handleFinalResultPacket (/home/ejdevelo/bloque7_backend/node_modules/mysql/lib/protocol/sequences/Query.js:149:8)
    at Query.EofPacket (/home/ejdevelo/bloque7_backend/node_modules/mysql/lib/protocol/sequences/Query.js:133:8)
    at Protocol._parsePacket (/home/ejdevelo/bloque7_backend/node_modules/mysql/lib/protocol/Protocol.js:291:23)
    at Parser._parsePacket (/home/ejdevelo/bloque7_backend/node_modules/mysql/lib/protocol/Parser.js:433:10)
    at Parser.write (/home/ejdevelo/bloque7_backend/node_modules/mysql/lib/protocol/Parser.js:43:10)
    at Protocol.write (/home/ejdevelo/bloque7_backend/node_modules/mysql/lib/protocol/Protocol.js:38:16)
/home/ejdevelo/bloque7_backend/node_modules/mysql/lib/protocol/Parser.js:437
      throw err; // Rethrow non-MySQL errors
      ^

TypeError: Cannot read property 'uuid' of undefined
    at Query.<anonymous> (/home/ejdevelo/bloque7_backend/models/user.models.js:29:41)
    at Query.<anonymous> (/home/ejdevelo/bloque7_backend/node_modules/mysql/lib/Connection.js:526:10)
    at Query._callback (/home/ejdevelo/bloque7_backend/node_modules/mysql/lib/Connection.js:488:16)
    at Query.Sequence.end (/home/ejdevelo/bloque7_backend/node_modules/mysql/lib/protocol/sequences/Sequence.js:83:24)
    at Query._handleFinalResultPacket (/home/ejdevelo/bloque7_backend/node_modules/mysql/lib/protocol/sequences/Query.js:149:8)
    at Query.EofPacket (/home/ejdevelo/bloque7_backend/node_modules/mysql/lib/protocol/sequences/Query.js:133:8)
    at Protocol._parsePacket (/home/ejdevelo/bloque7_backend/node_modules/mysql/lib/protocol/Protocol.js:291:23)
    at Parser._parsePacket (/home/ejdevelo/bloque7_backend/node_modules/mysql/lib/protocol/Parser.js:433:10)
    at Parser.write (/home/ejdevelo/bloque7_backend/node_modules/mysql/lib/protocol/Parser.js:43:10)
    at Protocol.write (/home/ejdevelo/bloque7_backend/node_modules/mysql/lib/protocol/Protocol.js:38:16)
/home/ejdevelo/bloque7_backend/node_modules/mysql/lib/protocol/Parser.js:437
      throw err; // Rethrow non-MySQL errors
      ^

TypeError: Cannot read property 'uuid' of undefined
    at Query.<anonymous> (/home/ejdevelo/bloque7_backend/models/user.models.js:29:41)
    at Query.<anonymous> (/home/ejdevelo/bloque7_backend/node_modules/mysql/lib/Connection.js:526:10)
    at Query._callback (/home/ejdevelo/bloque7_backend/node_modules/mysql/lib/Connection.js:488:16)
    at Query.Sequence.end (/home/ejdevelo/bloque7_backend/node_modules/mysql/lib/protocol/sequences/Sequence.js:83:24)
    at Query._handleFinalResultPacket (/home/ejdevelo/bloque7_backend/node_modules/mysql/lib/protocol/sequences/Query.js:149:8)
    at Query.EofPacket (/home/ejdevelo/bloque7_backend/node_modules/mysql/lib/protocol/sequences/Query.js:133:8)
    at Protocol._parsePacket (/home/ejdevelo/bloque7_backend/node_modules/mysql/lib/protocol/Protocol.js:291:23)
    at Parser._parsePacket (/home/ejdevelo/bloque7_backend/node_modules/mysql/lib/protocol/Parser.js:433:10)
    at Parser.write (/home/ejdevelo/bloque7_backend/node_modules/mysql/lib/protocol/Parser.js:43:10)
    at Protocol.write (/home/ejdevelo/bloque7_backend/node_modules/mysql/lib/protocol/Protocol.js:38:16)
/home/ejdevelo/bloque7_backend/node_modules/mysql/lib/protocol/Parser.js:437
      throw err; // Rethrow non-MySQL errors
      ^

TypeError: Cannot read property 'uuid' of undefined
    at Query.<anonymous> (/home/ejdevelo/bloque7_backend/models/user.models.js:29:41)
    at Query.<anonymous> (/home/ejdevelo/bloque7_backend/node_modules/mysql/lib/Connection.js:526:10)
    at Query._callback (/home/ejdevelo/bloque7_backend/node_modules/mysql/lib/Connection.js:488:16)
    at Query.Sequence.end (/home/ejdevelo/bloque7_backend/node_modules/mysql/lib/protocol/sequences/Sequence.js:83:24)
    at Query._handleFinalResultPacket (/home/ejdevelo/bloque7_backend/node_modules/mysql/lib/protocol/sequences/Query.js:149:8)
    at Query.EofPacket (/home/ejdevelo/bloque7_backend/node_modules/mysql/lib/protocol/sequences/Query.js:133:8)
    at Protocol._parsePacket (/home/ejdevelo/bloque7_backend/node_modules/mysql/lib/protocol/Protocol.js:291:23)
    at Parser._parsePacket (/home/ejdevelo/bloque7_backend/node_modules/mysql/lib/protocol/Parser.js:433:10)
    at Parser.write (/home/ejdevelo/bloque7_backend/node_modules/mysql/lib/protocol/Parser.js:43:10)
    at Protocol.write (/home/ejdevelo/bloque7_backend/node_modules/mysql/lib/protocol/Protocol.js:38:16)
/home/ejdevelo/bloque7_backend/node_modules/mysql/lib/protocol/Parser.js:437
      throw err; // Rethrow non-MySQL errors
      ^

TypeError: Cannot read property 'uuid' of undefined
    at Query.<anonymous> (/home/ejdevelo/bloque7_backend/models/user.models.js:29:41)
    at Query.<anonymous> (/home/ejdevelo/bloque7_backend/node_modules/mysql/lib/Connection.js:526:10)
    at Query._callback (/home/ejdevelo/bloque7_backend/node_modules/mysql/lib/Connection.js:488:16)
    at Query.Sequence.end (/home/ejdevelo/bloque7_backend/node_modules/mysql/lib/protocol/sequences/Sequence.js:83:24)
    at Query._handleFinalResultPacket (/home/ejdevelo/bloque7_backend/node_modules/mysql/lib/protocol/sequences/Query.js:149:8)
    at Query.EofPacket (/home/ejdevelo/bloque7_backend/node_modules/mysql/lib/protocol/sequences/Query.js:133:8)
    at Protocol._parsePacket (/home/ejdevelo/bloque7_backend/node_modules/mysql/lib/protocol/Protocol.js:291:23)
    at Parser._parsePacket (/home/ejdevelo/bloque7_backend/node_modules/mysql/lib/protocol/Parser.js:433:10)
    at Parser.write (/home/ejdevelo/bloque7_backend/node_modules/mysql/lib/protocol/Parser.js:43:10)
    at Protocol.write (/home/ejdevelo/bloque7_backend/node_modules/mysql/lib/protocol/Protocol.js:38:16)
/home/ejdevelo/bloque7_backend/node_modules/mysql/lib/protocol/Parser.js:437
      throw err; // Rethrow non-MySQL errors
      ^

TypeError: Cannot read property 'uuid' of undefined
    at Query.<anonymous> (/home/ejdevelo/bloque7_backend/models/user.models.js:29:41)
    at Query.<anonymous> (/home/ejdevelo/bloque7_backend/node_modules/mysql/lib/Connection.js:526:10)
    at Query._callback (/home/ejdevelo/bloque7_backend/node_modules/mysql/lib/Connection.js:488:16)
    at Query.Sequence.end (/home/ejdevelo/bloque7_backend/node_modules/mysql/lib/protocol/sequences/Sequence.js:83:24)
    at Query._handleFinalResultPacket (/home/ejdevelo/bloque7_backend/node_modules/mysql/lib/protocol/sequences/Query.js:149:8)
    at Query.EofPacket (/home/ejdevelo/bloque7_backend/node_modules/mysql/lib/protocol/sequences/Query.js:133:8)
    at Protocol._parsePacket (/home/ejdevelo/bloque7_backend/node_modules/mysql/lib/protocol/Protocol.js:291:23)
    at Parser._parsePacket (/home/ejdevelo/bloque7_backend/node_modules/mysql/lib/protocol/Parser.js:433:10)
    at Parser.write (/home/ejdevelo/bloque7_backend/node_modules/mysql/lib/protocol/Parser.js:43:10)
    at Protocol.write (/home/ejdevelo/bloque7_backend/node_modules/mysql/lib/protocol/Protocol.js:38:16)
/home/ejdevelo/bloque7_backend/node_modules/mysql/lib/protocol/Parser.js:437
      throw err; // Rethrow non-MySQL errors
      ^

TypeError: Cannot read property 'uuid' of undefined
    at Query.<anonymous> (/home/ejdevelo/bloque7_backend/models/user.models.js:29:41)
    at Query.<anonymous> (/home/ejdevelo/bloque7_backend/node_modules/mysql/lib/Connection.js:526:10)
    at Query._callback (/home/ejdevelo/bloque7_backend/node_modules/mysql/lib/Connection.js:488:16)
    at Query.Sequence.end (/home/ejdevelo/bloque7_backend/node_modules/mysql/lib/protocol/sequences/Sequence.js:83:24)
    at Query._handleFinalResultPacket (/home/ejdevelo/bloque7_backend/node_modules/mysql/lib/protocol/sequences/Query.js:149:8)
    at Query.EofPacket (/home/ejdevelo/bloque7_backend/node_modules/mysql/lib/protocol/sequences/Query.js:133:8)
    at Protocol._parsePacket (/home/ejdevelo/bloque7_backend/node_modules/mysql/lib/protocol/Protocol.js:291:23)
    at Parser._parsePacket (/home/ejdevelo/bloque7_backend/node_modules/mysql/lib/protocol/Parser.js:433:10)
    at Parser.write (/home/ejdevelo/bloque7_backend/node_modules/mysql/lib/protocol/Parser.js:43:10)
    at Protocol.write (/home/ejdevelo/bloque7_backend/node_modules/mysql/lib/protocol/Protocol.js:38:16)
/home/ejdevelo/bloque7_backend/node_modules/mysql/lib/protocol/Parser.js:437
      throw err; // Rethrow non-MySQL errors
      ^

TypeError: Cannot read property 'uuid' of undefined
    at Query.<anonymous> (/home/ejdevelo/bloque7_backend/models/user.models.js:29:41)
    at Query.<anonymous> (/home/ejdevelo/bloque7_backend/node_modules/mysql/lib/Connection.js:526:10)
    at Query._callback (/home/ejdevelo/bloque7_backend/node_modules/mysql/lib/Connection.js:488:16)
    at Query.Sequence.end (/home/ejdevelo/bloque7_backend/node_modules/mysql/lib/protocol/sequences/Sequence.js:83:24)
    at Query._handleFinalResultPacket (/home/ejdevelo/bloque7_backend/node_modules/mysql/lib/protocol/sequences/Query.js:149:8)
    at Query.EofPacket (/home/ejdevelo/bloque7_backend/node_modules/mysql/lib/protocol/sequences/Query.js:133:8)
    at Protocol._parsePacket (/home/ejdevelo/bloque7_backend/node_modules/mysql/lib/protocol/Protocol.js:291:23)
    at Parser._parsePacket (/home/ejdevelo/bloque7_backend/node_modules/mysql/lib/protocol/Parser.js:433:10)
    at Parser.write (/home/ejdevelo/bloque7_backend/node_modules/mysql/lib/protocol/Parser.js:43:10)
    at Protocol.write (/home/ejdevelo/bloque7_backend/node_modules/mysql/lib/protocol/Protocol.js:38:16)
/home/ejdevelo/bloque7_backend/node_modules/mysql/lib/protocol/Parser.js:437
      throw err; // Rethrow non-MySQL errors
      ^

TypeError: Cannot read property 'uuid' of undefined
    at Query.<anonymous> (/home/ejdevelo/bloque7_backend/models/user.models.js:29:41)
    at Query.<anonymous> (/home/ejdevelo/bloque7_backend/node_modules/mysql/lib/Connection.js:526:10)
    at Query._callback (/home/ejdevelo/bloque7_backend/node_modules/mysql/lib/Connection.js:488:16)
    at Query.Sequence.end (/home/ejdevelo/bloque7_backend/node_modules/mysql/lib/protocol/sequences/Sequence.js:83:24)
    at Query._handleFinalResultPacket (/home/ejdevelo/bloque7_backend/node_modules/mysql/lib/protocol/sequences/Query.js:149:8)
    at Query.EofPacket (/home/ejdevelo/bloque7_backend/node_modules/mysql/lib/protocol/sequences/Query.js:133:8)
    at Protocol._parsePacket (/home/ejdevelo/bloque7_backend/node_modules/mysql/lib/protocol/Protocol.js:291:23)
    at Parser._parsePacket (/home/ejdevelo/bloque7_backend/node_modules/mysql/lib/protocol/Parser.js:433:10)
    at Parser.write (/home/ejdevelo/bloque7_backend/node_modules/mysql/lib/protocol/Parser.js:43:10)
    at Protocol.write (/home/ejdevelo/bloque7_backend/node_modules/mysql/lib/protocol/Protocol.js:38:16)
/home/ejdevelo/bloque7_backend/node_modules/mysql/lib/protocol/Parser.js:437
      throw err; // Rethrow non-MySQL errors
      ^

TypeError: Cannot read property 'uuid' of undefined
    at Query.<anonymous> (/home/ejdevelo/bloque7_backend/models/user.models.js:29:41)
    at Query.<anonymous> (/home/ejdevelo/bloque7_backend/node_modules/mysql/lib/Connection.js:526:10)
    at Query._callback (/home/ejdevelo/bloque7_backend/node_modules/mysql/lib/Connection.js:488:16)
    at Query.Sequence.end (/home/ejdevelo/bloque7_backend/node_modules/mysql/lib/protocol/sequences/Sequence.js:83:24)
    at Query._handleFinalResultPacket (/home/ejdevelo/bloque7_backend/node_modules/mysql/lib/protocol/sequences/Query.js:149:8)
    at Query.EofPacket (/home/ejdevelo/bloque7_backend/node_modules/mysql/lib/protocol/sequences/Query.js:133:8)
    at Protocol._parsePacket (/home/ejdevelo/bloque7_backend/node_modules/mysql/lib/protocol/Protocol.js:291:23)
    at Parser._parsePacket (/home/ejdevelo/bloque7_backend/node_modules/mysql/lib/protocol/Parser.js:433:10)
    at Parser.write (/home/ejdevelo/bloque7_backend/node_modules/mysql/lib/protocol/Parser.js:43:10)
    at Protocol.write (/home/ejdevelo/bloque7_backend/node_modules/mysql/lib/protocol/Protocol.js:38:16)
/home/ejdevelo/bloque7_backend/node_modules/mysql/lib/protocol/Parser.js:437
      throw err; // Rethrow non-MySQL errors
      ^

TypeError: Cannot read property 'uuid' of undefined
    at Query.<anonymous> (/home/ejdevelo/bloque7_backend/models/user.models.js:29:41)
    at Query.<anonymous> (/home/ejdevelo/bloque7_backend/node_modules/mysql/lib/Connection.js:526:10)
    at Query._callback (/home/ejdevelo/bloque7_backend/node_modules/mysql/lib/Connection.js:488:16)
    at Query.Sequence.end (/home/ejdevelo/bloque7_backend/node_modules/mysql/lib/protocol/sequences/Sequence.js:83:24)
    at Query._handleFinalResultPacket (/home/ejdevelo/bloque7_backend/node_modules/mysql/lib/protocol/sequences/Query.js:149:8)
    at Query.EofPacket (/home/ejdevelo/bloque7_backend/node_modules/mysql/lib/protocol/sequences/Query.js:133:8)
    at Protocol._parsePacket (/home/ejdevelo/bloque7_backend/node_modules/mysql/lib/protocol/Protocol.js:291:23)
    at Parser._parsePacket (/home/ejdevelo/bloque7_backend/node_modules/mysql/lib/protocol/Parser.js:433:10)
    at Parser.write (/home/ejdevelo/bloque7_backend/node_modules/mysql/lib/protocol/Parser.js:43:10)
    at Protocol.write (/home/ejdevelo/bloque7_backend/node_modules/mysql/lib/protocol/Protocol.js:38:16)
/home/ejdevelo/bloque7_backend/node_modules/mysql/lib/protocol/Parser.js:437
      throw err; // Rethrow non-MySQL errors
      ^

TypeError: Cannot read property 'uuid' of undefined
    at Query.<anonymous> (/home/ejdevelo/bloque7_backend/models/user.models.js:29:41)
    at Query.<anonymous> (/home/ejdevelo/bloque7_backend/node_modules/mysql/lib/Connection.js:526:10)
    at Query._callback (/home/ejdevelo/bloque7_backend/node_modules/mysql/lib/Connection.js:488:16)
    at Query.Sequence.end (/home/ejdevelo/bloque7_backend/node_modules/mysql/lib/protocol/sequences/Sequence.js:83:24)
    at Query._handleFinalResultPacket (/home/ejdevelo/bloque7_backend/node_modules/mysql/lib/protocol/sequences/Query.js:149:8)
    at Query.EofPacket (/home/ejdevelo/bloque7_backend/node_modules/mysql/lib/protocol/sequences/Query.js:133:8)
    at Protocol._parsePacket (/home/ejdevelo/bloque7_backend/node_modules/mysql/lib/protocol/Protocol.js:291:23)
    at Parser._parsePacket (/home/ejdevelo/bloque7_backend/node_modules/mysql/lib/protocol/Parser.js:433:10)
    at Parser.write (/home/ejdevelo/bloque7_backend/node_modules/mysql/lib/protocol/Parser.js:43:10)
    at Protocol.write (/home/ejdevelo/bloque7_backend/node_modules/mysql/lib/protocol/Protocol.js:38:16)
/home/ejdevelo/bloque7_backend/node_modules/mysql/lib/protocol/Parser.js:437
      throw err; // Rethrow non-MySQL errors
      ^

TypeError: Cannot read property 'uuid' of undefined
    at Query.<anonymous> (/home/ejdevelo/bloque7_backend/models/user.models.js:29:41)
    at Query.<anonymous> (/home/ejdevelo/bloque7_backend/node_modules/mysql/lib/Connection.js:526:10)
    at Query._callback (/home/ejdevelo/bloque7_backend/node_modules/mysql/lib/Connection.js:488:16)
    at Query.Sequence.end (/home/ejdevelo/bloque7_backend/node_modules/mysql/lib/protocol/sequences/Sequence.js:83:24)
    at Query._handleFinalResultPacket (/home/ejdevelo/bloque7_backend/node_modules/mysql/lib/protocol/sequences/Query.js:149:8)
    at Query.EofPacket (/home/ejdevelo/bloque7_backend/node_modules/mysql/lib/protocol/sequences/Query.js:133:8)
    at Protocol._parsePacket (/home/ejdevelo/bloque7_backend/node_modules/mysql/lib/protocol/Protocol.js:291:23)
    at Parser._parsePacket (/home/ejdevelo/bloque7_backend/node_modules/mysql/lib/protocol/Parser.js:433:10)
    at Parser.write (/home/ejdevelo/bloque7_backend/node_modules/mysql/lib/protocol/Parser.js:43:10)
    at Protocol.write (/home/ejdevelo/bloque7_backend/node_modules/mysql/lib/protocol/Protocol.js:38:16)
/home/ejdevelo/bloque7_backend/node_modules/mysql/lib/protocol/Parser.js:437
      throw err; // Rethrow non-MySQL errors
      ^

TypeError: Cannot read property 'uuid' of undefined
    at Query.<anonymous> (/home/ejdevelo/bloque7_backend/models/user.models.js:29:41)
    at Query.<anonymous> (/home/ejdevelo/bloque7_backend/node_modules/mysql/lib/Connection.js:526:10)
    at Query._callback (/home/ejdevelo/bloque7_backend/node_modules/mysql/lib/Connection.js:488:16)
    at Query.Sequence.end (/home/ejdevelo/bloque7_backend/node_modules/mysql/lib/protocol/sequences/Sequence.js:83:24)
    at Query._handleFinalResultPacket (/home/ejdevelo/bloque7_backend/node_modules/mysql/lib/protocol/sequences/Query.js:149:8)
    at Query.EofPacket (/home/ejdevelo/bloque7_backend/node_modules/mysql/lib/protocol/sequences/Query.js:133:8)
    at Protocol._parsePacket (/home/ejdevelo/bloque7_backend/node_modules/mysql/lib/protocol/Protocol.js:291:23)
    at Parser._parsePacket (/home/ejdevelo/bloque7_backend/node_modules/mysql/lib/protocol/Parser.js:433:10)
    at Parser.write (/home/ejdevelo/bloque7_backend/node_modules/mysql/lib/protocol/Parser.js:43:10)
    at Protocol.write (/home/ejdevelo/bloque7_backend/node_modules/mysql/lib/protocol/Protocol.js:38:16)
/home/ejdevelo/bloque7_backend/node_modules/mysql/lib/protocol/Parser.js:437
      throw err; // Rethrow non-MySQL errors
      ^

TypeError: Cannot read property 'uuid' of undefined
    at Query.<anonymous> (/home/ejdevelo/bloque7_backend/models/user.models.js:29:41)
    at Query.<anonymous> (/home/ejdevelo/bloque7_backend/node_modules/mysql/lib/Connection.js:526:10)
    at Query._callback (/home/ejdevelo/bloque7_backend/node_modules/mysql/lib/Connection.js:488:16)
    at Query.Sequence.end (/home/ejdevelo/bloque7_backend/node_modules/mysql/lib/protocol/sequences/Sequence.js:83:24)
    at Query._handleFinalResultPacket (/home/ejdevelo/bloque7_backend/node_modules/mysql/lib/protocol/sequences/Query.js:149:8)
    at Query.EofPacket (/home/ejdevelo/bloque7_backend/node_modules/mysql/lib/protocol/sequences/Query.js:133:8)
    at Protocol._parsePacket (/home/ejdevelo/bloque7_backend/node_modules/mysql/lib/protocol/Protocol.js:291:23)
    at Parser._parsePacket (/home/ejdevelo/bloque7_backend/node_modules/mysql/lib/protocol/Parser.js:433:10)
    at Parser.write (/home/ejdevelo/bloque7_backend/node_modules/mysql/lib/protocol/Parser.js:43:10)
    at Protocol.write (/home/ejdevelo/bloque7_backend/node_modules/mysql/lib/protocol/Protocol.js:38:16)
/home/ejdevelo/bloque7_backend/node_modules/mysql/lib/protocol/Parser.js:437
      throw err; // Rethrow non-MySQL errors
      ^

TypeError: Cannot read property 'uuid' of undefined
    at Query.<anonymous> (/home/ejdevelo/bloque7_backend/models/user.models.js:29:41)
    at Query.<anonymous> (/home/ejdevelo/bloque7_backend/node_modules/mysql/lib/Connection.js:526:10)
    at Query._callback (/home/ejdevelo/bloque7_backend/node_modules/mysql/lib/Connection.js:488:16)
    at Query.Sequence.end (/home/ejdevelo/bloque7_backend/node_modules/mysql/lib/protocol/sequences/Sequence.js:83:24)
    at Query._handleFinalResultPacket (/home/ejdevelo/bloque7_backend/node_modules/mysql/lib/protocol/sequences/Query.js:149:8)
    at Query.EofPacket (/home/ejdevelo/bloque7_backend/node_modules/mysql/lib/protocol/sequences/Query.js:133:8)
    at Protocol._parsePacket (/home/ejdevelo/bloque7_backend/node_modules/mysql/lib/protocol/Protocol.js:291:23)
    at Parser._parsePacket (/home/ejdevelo/bloque7_backend/node_modules/mysql/lib/protocol/Parser.js:433:10)
    at Parser.write (/home/ejdevelo/bloque7_backend/node_modules/mysql/lib/protocol/Parser.js:43:10)
    at Protocol.write (/home/ejdevelo/bloque7_backend/node_modules/mysql/lib/protocol/Protocol.js:38:16)
/home/ejdevelo/bloque7_backend/node_modules/mysql/lib/protocol/Parser.js:437
      throw err; // Rethrow non-MySQL errors
      ^

TypeError: Cannot read property 'uuid' of undefined
    at Query.<anonymous> (/home/ejdevelo/bloque7_backend/models/user.models.js:29:41)
    at Query.<anonymous> (/home/ejdevelo/bloque7_backend/node_modules/mysql/lib/Connection.js:526:10)
    at Query._callback (/home/ejdevelo/bloque7_backend/node_modules/mysql/lib/Connection.js:488:16)
    at Query.Sequence.end (/home/ejdevelo/bloque7_backend/node_modules/mysql/lib/protocol/sequences/Sequence.js:83:24)
    at Query._handleFinalResultPacket (/home/ejdevelo/bloque7_backend/node_modules/mysql/lib/protocol/sequences/Query.js:149:8)
    at Query.EofPacket (/home/ejdevelo/bloque7_backend/node_modules/mysql/lib/protocol/sequences/Query.js:133:8)
    at Protocol._parsePacket (/home/ejdevelo/bloque7_backend/node_modules/mysql/lib/protocol/Protocol.js:291:23)
    at Parser._parsePacket (/home/ejdevelo/bloque7_backend/node_modules/mysql/lib/protocol/Parser.js:433:10)
    at Parser.write (/home/ejdevelo/bloque7_backend/node_modules/mysql/lib/protocol/Parser.js:43:10)
    at Protocol.write (/home/ejdevelo/bloque7_backend/node_modules/mysql/lib/protocol/Protocol.js:38:16)
/home/ejdevelo/bloque7_backend/node_modules/mysql/lib/protocol/Parser.js:437
      throw err; // Rethrow non-MySQL errors
      ^

TypeError: Cannot read property 'uuid' of undefined
    at Query.<anonymous> (/home/ejdevelo/bloque7_backend/models/user.models.js:29:41)
    at Query.<anonymous> (/home/ejdevelo/bloque7_backend/node_modules/mysql/lib/Connection.js:526:10)
    at Query._callback (/home/ejdevelo/bloque7_backend/node_modules/mysql/lib/Connection.js:488:16)
    at Query.Sequence.end (/home/ejdevelo/bloque7_backend/node_modules/mysql/lib/protocol/sequences/Sequence.js:83:24)
    at Query._handleFinalResultPacket (/home/ejdevelo/bloque7_backend/node_modules/mysql/lib/protocol/sequences/Query.js:149:8)
    at Query.EofPacket (/home/ejdevelo/bloque7_backend/node_modules/mysql/lib/protocol/sequences/Query.js:133:8)
    at Protocol._parsePacket (/home/ejdevelo/bloque7_backend/node_modules/mysql/lib/protocol/Protocol.js:291:23)
    at Parser._parsePacket (/home/ejdevelo/bloque7_backend/node_modules/mysql/lib/protocol/Parser.js:433:10)
    at Parser.write (/home/ejdevelo/bloque7_backend/node_modules/mysql/lib/protocol/Parser.js:43:10)
    at Protocol.write (/home/ejdevelo/bloque7_backend/node_modules/mysql/lib/protocol/Protocol.js:38:16)
/home/ejdevelo/bloque7_backend/node_modules/mysql/lib/protocol/Parser.js:437
      throw err; // Rethrow non-MySQL errors
      ^

TypeError: Cannot read property 'uuid' of undefined
    at Query.<anonymous> (/home/ejdevelo/bloque7_backend/models/user.models.js:29:41)
    at Query.<anonymous> (/home/ejdevelo/bloque7_backend/node_modules/mysql/lib/Connection.js:526:10)
    at Query._callback (/home/ejdevelo/bloque7_backend/node_modules/mysql/lib/Connection.js:488:16)
    at Query.Sequence.end (/home/ejdevelo/bloque7_backend/node_modules/mysql/lib/protocol/sequences/Sequence.js:83:24)
    at Query._handleFinalResultPacket (/home/ejdevelo/bloque7_backend/node_modules/mysql/lib/protocol/sequences/Query.js:149:8)
    at Query.EofPacket (/home/ejdevelo/bloque7_backend/node_modules/mysql/lib/protocol/sequences/Query.js:133:8)
    at Protocol._parsePacket (/home/ejdevelo/bloque7_backend/node_modules/mysql/lib/protocol/Protocol.js:291:23)
    at Parser._parsePacket (/home/ejdevelo/bloque7_backend/node_modules/mysql/lib/protocol/Parser.js:433:10)
    at Parser.write (/home/ejdevelo/bloque7_backend/node_modules/mysql/lib/protocol/Parser.js:43:10)
    at Protocol.write (/home/ejdevelo/bloque7_backend/node_modules/mysql/lib/protocol/Protocol.js:38:16)
/home/ejdevelo/bloque7_backend/node_modules/mysql/lib/protocol/Parser.js:437
      throw err; // Rethrow non-MySQL errors
      ^

TypeError: Cannot read property 'uuid' of undefined
    at Query.<anonymous> (/home/ejdevelo/bloque7_backend/models/user.models.js:29:41)
    at Query.<anonymous> (/home/ejdevelo/bloque7_backend/node_modules/mysql/lib/Connection.js:526:10)
    at Query._callback (/home/ejdevelo/bloque7_backend/node_modules/mysql/lib/Connection.js:488:16)
    at Query.Sequence.end (/home/ejdevelo/bloque7_backend/node_modules/mysql/lib/protocol/sequences/Sequence.js:83:24)
    at Query._handleFinalResultPacket (/home/ejdevelo/bloque7_backend/node_modules/mysql/lib/protocol/sequences/Query.js:149:8)
    at Query.EofPacket (/home/ejdevelo/bloque7_backend/node_modules/mysql/lib/protocol/sequences/Query.js:133:8)
    at Protocol._parsePacket (/home/ejdevelo/bloque7_backend/node_modules/mysql/lib/protocol/Protocol.js:291:23)
    at Parser._parsePacket (/home/ejdevelo/bloque7_backend/node_modules/mysql/lib/protocol/Parser.js:433:10)
    at Parser.write (/home/ejdevelo/bloque7_backend/node_modules/mysql/lib/protocol/Parser.js:43:10)
    at Protocol.write (/home/ejdevelo/bloque7_backend/node_modules/mysql/lib/protocol/Protocol.js:38:16)
/home/ejdevelo/bloque7_backend/node_modules/mysql/lib/protocol/Parser.js:437
      throw err; // Rethrow non-MySQL errors
      ^

TypeError: Cannot read property 'uuid' of undefined
    at Query.<anonymous> (/home/ejdevelo/bloque7_backend/models/user.models.js:29:41)
    at Query.<anonymous> (/home/ejdevelo/bloque7_backend/node_modules/mysql/lib/Connection.js:526:10)
    at Query._callback (/home/ejdevelo/bloque7_backend/node_modules/mysql/lib/Connection.js:488:16)
    at Query.Sequence.end (/home/ejdevelo/bloque7_backend/node_modules/mysql/lib/protocol/sequences/Sequence.js:83:24)
    at Query._handleFinalResultPacket (/home/ejdevelo/bloque7_backend/node_modules/mysql/lib/protocol/sequences/Query.js:149:8)
    at Query.EofPacket (/home/ejdevelo/bloque7_backend/node_modules/mysql/lib/protocol/sequences/Query.js:133:8)
    at Protocol._parsePacket (/home/ejdevelo/bloque7_backend/node_modules/mysql/lib/protocol/Protocol.js:291:23)
    at Parser._parsePacket (/home/ejdevelo/bloque7_backend/node_modules/mysql/lib/protocol/Parser.js:433:10)
    at Parser.write (/home/ejdevelo/bloque7_backend/node_modules/mysql/lib/protocol/Parser.js:43:10)
    at Protocol.write (/home/ejdevelo/bloque7_backend/node_modules/mysql/lib/protocol/Protocol.js:38:16)
/home/ejdevelo/bloque7_backend/node_modules/mysql/lib/protocol/Parser.js:437
      throw err; // Rethrow non-MySQL errors
      ^

TypeError: Cannot read property 'uuid' of undefined
    at Query.<anonymous> (/home/ejdevelo/bloque7_backend/models/user.models.js:29:41)
    at Query.<anonymous> (/home/ejdevelo/bloque7_backend/node_modules/mysql/lib/Connection.js:526:10)
    at Query._callback (/home/ejdevelo/bloque7_backend/node_modules/mysql/lib/Connection.js:488:16)
    at Query.Sequence.end (/home/ejdevelo/bloque7_backend/node_modules/mysql/lib/protocol/sequences/Sequence.js:83:24)
    at Query._handleFinalResultPacket (/home/ejdevelo/bloque7_backend/node_modules/mysql/lib/protocol/sequences/Query.js:149:8)
    at Query.EofPacket (/home/ejdevelo/bloque7_backend/node_modules/mysql/lib/protocol/sequences/Query.js:133:8)
    at Protocol._parsePacket (/home/ejdevelo/bloque7_backend/node_modules/mysql/lib/protocol/Protocol.js:291:23)
    at Parser._parsePacket (/home/ejdevelo/bloque7_backend/node_modules/mysql/lib/protocol/Parser.js:433:10)
    at Parser.write (/home/ejdevelo/bloque7_backend/node_modules/mysql/lib/protocol/Parser.js:43:10)
    at Protocol.write (/home/ejdevelo/bloque7_backend/node_modules/mysql/lib/protocol/Protocol.js:38:16)
/home/ejdevelo/bloque7_backend/node_modules/mysql/lib/protocol/Parser.js:437
      throw err; // Rethrow non-MySQL errors
      ^

TypeError: Cannot read property 'uuid' of undefined
    at Query.<anonymous> (/home/ejdevelo/bloque7_backend/models/user.models.js:29:41)
    at Query.<anonymous> (/home/ejdevelo/bloque7_backend/node_modules/mysql/lib/Connection.js:526:10)
    at Query._callback (/home/ejdevelo/bloque7_backend/node_modules/mysql/lib/Connection.js:488:16)
    at Query.Sequence.end (/home/ejdevelo/bloque7_backend/node_modules/mysql/lib/protocol/sequences/Sequence.js:83:24)
    at Query._handleFinalResultPacket (/home/ejdevelo/bloque7_backend/node_modules/mysql/lib/protocol/sequences/Query.js:149:8)
    at Query.EofPacket (/home/ejdevelo/bloque7_backend/node_modules/mysql/lib/protocol/sequences/Query.js:133:8)
    at Protocol._parsePacket (/home/ejdevelo/bloque7_backend/node_modules/mysql/lib/protocol/Protocol.js:291:23)
    at Parser._parsePacket (/home/ejdevelo/bloque7_backend/node_modules/mysql/lib/protocol/Parser.js:433:10)
    at Parser.write (/home/ejdevelo/bloque7_backend/node_modules/mysql/lib/protocol/Parser.js:43:10)
    at Protocol.write (/home/ejdevelo/bloque7_backend/node_modules/mysql/lib/protocol/Protocol.js:38:16)
/home/ejdevelo/bloque7_backend/node_modules/mysql/lib/protocol/Parser.js:437
      throw err; // Rethrow non-MySQL errors
      ^

TypeError: Cannot read property 'uuid' of undefined
    at Query.<anonymous> (/home/ejdevelo/bloque7_backend/models/user.models.js:29:41)
    at Query.<anonymous> (/home/ejdevelo/bloque7_backend/node_modules/mysql/lib/Connection.js:526:10)
    at Query._callback (/home/ejdevelo/bloque7_backend/node_modules/mysql/lib/Connection.js:488:16)
    at Query.Sequence.end (/home/ejdevelo/bloque7_backend/node_modules/mysql/lib/protocol/sequences/Sequence.js:83:24)
    at Query._handleFinalResultPacket (/home/ejdevelo/bloque7_backend/node_modules/mysql/lib/protocol/sequences/Query.js:149:8)
    at Query.EofPacket (/home/ejdevelo/bloque7_backend/node_modules/mysql/lib/protocol/sequences/Query.js:133:8)
    at Protocol._parsePacket (/home/ejdevelo/bloque7_backend/node_modules/mysql/lib/protocol/Protocol.js:291:23)
    at Parser._parsePacket (/home/ejdevelo/bloque7_backend/node_modules/mysql/lib/protocol/Parser.js:433:10)
    at Parser.write (/home/ejdevelo/bloque7_backend/node_modules/mysql/lib/protocol/Parser.js:43:10)
    at Protocol.write (/home/ejdevelo/bloque7_backend/node_modules/mysql/lib/protocol/Protocol.js:38:16)
/home/ejdevelo/bloque7_backend/node_modules/mysql/lib/protocol/Parser.js:437
      throw err; // Rethrow non-MySQL errors
      ^

TypeError: Cannot read property 'uuid' of undefined
    at Query.<anonymous> (/home/ejdevelo/bloque7_backend/models/user.models.js:29:41)
    at Query.<anonymous> (/home/ejdevelo/bloque7_backend/node_modules/mysql/lib/Connection.js:526:10)
    at Query._callback (/home/ejdevelo/bloque7_backend/node_modules/mysql/lib/Connection.js:488:16)
    at Query.Sequence.end (/home/ejdevelo/bloque7_backend/node_modules/mysql/lib/protocol/sequences/Sequence.js:83:24)
    at Query._handleFinalResultPacket (/home/ejdevelo/bloque7_backend/node_modules/mysql/lib/protocol/sequences/Query.js:149:8)
    at Query.EofPacket (/home/ejdevelo/bloque7_backend/node_modules/mysql/lib/protocol/sequences/Query.js:133:8)
    at Protocol._parsePacket (/home/ejdevelo/bloque7_backend/node_modules/mysql/lib/protocol/Protocol.js:291:23)
    at Parser._parsePacket (/home/ejdevelo/bloque7_backend/node_modules/mysql/lib/protocol/Parser.js:433:10)
    at Parser.write (/home/ejdevelo/bloque7_backend/node_modules/mysql/lib/protocol/Parser.js:43:10)
    at Protocol.write (/home/ejdevelo/bloque7_backend/node_modules/mysql/lib/protocol/Protocol.js:38:16)
/home/ejdevelo/bloque7_backend/node_modules/mysql/lib/protocol/Parser.js:437
      throw err; // Rethrow non-MySQL errors
      ^

TypeError: Cannot read property 'uuid' of undefined
    at Query.<anonymous> (/home/ejdevelo/bloque7_backend/models/user.models.js:29:41)
    at Query.<anonymous> (/home/ejdevelo/bloque7_backend/node_modules/mysql/lib/Connection.js:526:10)
    at Query._callback (/home/ejdevelo/bloque7_backend/node_modules/mysql/lib/Connection.js:488:16)
    at Query.Sequence.end (/home/ejdevelo/bloque7_backend/node_modules/mysql/lib/protocol/sequences/Sequence.js:83:24)
    at Query._handleFinalResultPacket (/home/ejdevelo/bloque7_backend/node_modules/mysql/lib/protocol/sequences/Query.js:149:8)
    at Query.EofPacket (/home/ejdevelo/bloque7_backend/node_modules/mysql/lib/protocol/sequences/Query.js:133:8)
    at Protocol._parsePacket (/home/ejdevelo/bloque7_backend/node_modules/mysql/lib/protocol/Protocol.js:291:23)
    at Parser._parsePacket (/home/ejdevelo/bloque7_backend/node_modules/mysql/lib/protocol/Parser.js:433:10)
    at Parser.write (/home/ejdevelo/bloque7_backend/node_modules/mysql/lib/protocol/Parser.js:43:10)
    at Protocol.write (/home/ejdevelo/bloque7_backend/node_modules/mysql/lib/protocol/Protocol.js:38:16)
/home/ejdevelo/bloque7_backend/node_modules/mysql/lib/protocol/Parser.js:437
      throw err; // Rethrow non-MySQL errors
      ^

TypeError: Cannot read property 'uuid' of undefined
    at Query.<anonymous> (/home/ejdevelo/bloque7_backend/models/user.models.js:29:41)
    at Query.<anonymous> (/home/ejdevelo/bloque7_backend/node_modules/mysql/lib/Connection.js:526:10)
    at Query._callback (/home/ejdevelo/bloque7_backend/node_modules/mysql/lib/Connection.js:488:16)
    at Query.Sequence.end (/home/ejdevelo/bloque7_backend/node_modules/mysql/lib/protocol/sequences/Sequence.js:83:24)
    at Query._handleFinalResultPacket (/home/ejdevelo/bloque7_backend/node_modules/mysql/lib/protocol/sequences/Query.js:149:8)
    at Query.EofPacket (/home/ejdevelo/bloque7_backend/node_modules/mysql/lib/protocol/sequences/Query.js:133:8)
    at Protocol._parsePacket (/home/ejdevelo/bloque7_backend/node_modules/mysql/lib/protocol/Protocol.js:291:23)
    at Parser._parsePacket (/home/ejdevelo/bloque7_backend/node_modules/mysql/lib/protocol/Parser.js:433:10)
    at Parser.write (/home/ejdevelo/bloque7_backend/node_modules/mysql/lib/protocol/Parser.js:43:10)
    at Protocol.write (/home/ejdevelo/bloque7_backend/node_modules/mysql/lib/protocol/Protocol.js:38:16)
events.js:174
      throw er; // Unhandled 'error' event
      ^

Error: Connection lost: The server closed the connection.
    at Protocol.end (/home/ejdevelo/bloque7_backend/node_modules/mysql/lib/protocol/Protocol.js:112:13)
    at Socket.<anonymous> (/home/ejdevelo/bloque7_backend/node_modules/mysql/lib/Connection.js:94:28)
    at Socket.<anonymous> (/home/ejdevelo/bloque7_backend/node_modules/mysql/lib/Connection.js:526:10)
    at Socket.emit (events.js:203:15)
    at endReadableNT (_stream_readable.js:1145:12)
    at process._tickCallback (internal/process/next_tick.js:63:19)
Emitted 'error' event at:
    at Connection._handleProtocolError (/home/ejdevelo/bloque7_backend/node_modules/mysql/lib/Connection.js:423:8)
    at Protocol.emit (events.js:198:13)
    at Protocol._delegateError (/home/ejdevelo/bloque7_backend/node_modules/mysql/lib/protocol/Protocol.js:398:10)
    at Protocol.end (/home/ejdevelo/bloque7_backend/node_modules/mysql/lib/protocol/Protocol.js:116:8)
    at Socket.<anonymous> (/home/ejdevelo/bloque7_backend/node_modules/mysql/lib/Connection.js:94:28)
    [... lines matching original stack trace ...]
    at process._tickCallback (internal/process/next_tick.js:63:19)
/home/ejdevelo/bloque7_backend/node_modules/mysql/lib/protocol/Parser.js:437
      throw err; // Rethrow non-MySQL errors
      ^

Error [ERR_HTTP_HEADERS_SENT]: Cannot set headers after they are sent to the client
    at ServerResponse.setHeader (_http_outgoing.js:470:11)
    at ServerResponse.header (/home/ejdevelo/bloque7_backend/node_modules/express/lib/response.js:771:10)
    at ServerResponse.send (/home/ejdevelo/bloque7_backend/node_modules/express/lib/response.js:170:12)
    at ServerResponse.json (/home/ejdevelo/bloque7_backend/node_modules/express/lib/response.js:267:15)
    at Query.<anonymous> (/home/ejdevelo/bloque7_backend/models/pedido.models.js:240:37)
    at Query.<anonymous> (/home/ejdevelo/bloque7_backend/node_modules/mysql/lib/Connection.js:526:10)
    at Query._callback (/home/ejdevelo/bloque7_backend/node_modules/mysql/lib/Connection.js:488:16)
    at Query.Sequence.end (/home/ejdevelo/bloque7_backend/node_modules/mysql/lib/protocol/sequences/Sequence.js:83:24)
    at Query.ErrorPacket (/home/ejdevelo/bloque7_backend/node_modules/mysql/lib/protocol/sequences/Query.js:92:8)
    at Protocol._parsePacket (/home/ejdevelo/bloque7_backend/node_modules/mysql/lib/protocol/Protocol.js:291:23)
events.js:174
      throw er; // Unhandled 'error' event
      ^

Error: Connection lost: The server closed the connection.
    at Protocol.end (/home/ejdevelo/bloque7_backend/node_modules/mysql/lib/protocol/Protocol.js:112:13)
    at Socket.<anonymous> (/home/ejdevelo/bloque7_backend/node_modules/mysql/lib/Connection.js:94:28)
    at Socket.<anonymous> (/home/ejdevelo/bloque7_backend/node_modules/mysql/lib/Connection.js:526:10)
    at Socket.emit (events.js:203:15)
    at endReadableNT (_stream_readable.js:1145:12)
    at process._tickCallback (internal/process/next_tick.js:63:19)
Emitted 'error' event at:
    at Connection._handleProtocolError (/home/ejdevelo/bloque7_backend/node_modules/mysql/lib/Connection.js:423:8)
    at Protocol.emit (events.js:198:13)
    at Protocol._delegateError (/home/ejdevelo/bloque7_backend/node_modules/mysql/lib/protocol/Protocol.js:398:10)
    at Protocol.end (/home/ejdevelo/bloque7_backend/node_modules/mysql/lib/protocol/Protocol.js:116:8)
    at Socket.<anonymous> (/home/ejdevelo/bloque7_backend/node_modules/mysql/lib/Connection.js:94:28)
    [... lines matching original stack trace ...]
    at process._tickCallback (internal/process/next_tick.js:63:19)
